The system is: Linux - 4.2.0-27-generic - x86_64
Compiling the C compiler identification source file "CMakeCCompilerId.c" succeeded.
Compiler: /usr/bin/cc 
Build flags: 
Id flags: 

The output was:
0


Compilation of the C compiler identification source "CMakeCCompilerId.c" produced "a.out"

The C compiler identification is GNU, found in "/home/aluno/Downloads/example_code_02/CMakeFiles/2.8.12.2/CompilerIdC/a.out"

Compiling the CXX compiler identification source file "CMakeCXXCompilerId.cpp" succeeded.
Compiler: /usr/bin/c++ 
Build flags: 
Id flags: 

The output was:
0


Compilation of the CXX compiler identification source "CMakeCXXCompilerId.cpp" produced "a.out"

The CXX compiler identification is GNU, found in "/home/aluno/Downloads/example_code_02/CMakeFiles/2.8.12.2/CompilerIdCXX/a.out"

Determining if the C compiler works passed with the following output:
Change Dir: /home/aluno/Downloads/example_code_02/CMakeFiles/CMakeTmp

Run Build Command:/usr/bin/make "cmTryCompileExec2395690619/fast"
/usr/bin/make -f CMakeFiles/cmTryCompileExec2395690619.dir/build.make CMakeFiles/cmTryCompileExec2395690619.dir/build
make[1]: Entrando no diretório `/home/aluno/Downloads/example_code_02/CMakeFiles/CMakeTmp'
/usr/bin/cmake -E cmake_progress_report /home/aluno/Downloads/example_code_02/CMakeFiles/CMakeTmp/CMakeFiles 1
Building C object CMakeFiles/cmTryCompileExec2395690619.dir/testCCompiler.c.o
/usr/bin/cc    -o CMakeFiles/cmTryCompileExec2395690619.dir/testCCompiler.c.o   -c /home/aluno/Downloads/example_code_02/CMakeFiles/CMakeTmp/testCCompiler.c
Linking C executable cmTryCompileExec2395690619
/usr/bin/cmake -E cmake_link_script CMakeFiles/cmTryCompileExec2395690619.dir/link.txt --verbose=1
/usr/bin/cc       CMakeFiles/cmTryCompileExec2395690619.dir/testCCompiler.c.o  -o cmTryCompileExec2395690619 -rdynamic 
make[1]: Saindo do diretório `/home/aluno/Downloads/example_code_02/CMakeFiles/CMakeTmp'


Detecting C compiler ABI info compiled with the following output:
Change Dir: /home/aluno/Downloads/example_code_02/CMakeFiles/CMakeTmp

Run Build Command:/usr/bin/make "cmTryCompileExec777414047/fast"
/usr/bin/make -f CMakeFiles/cmTryCompileExec777414047.dir/build.make CMakeFiles/cmTryCompileExec777414047.dir/build
make[1]: Entrando no diretório `/home/aluno/Downloads/example_code_02/CMakeFiles/CMakeTmp'
/usr/bin/cmake -E cmake_progress_report /home/aluno/Downloads/example_code_02/CMakeFiles/CMakeTmp/CMakeFiles 1
Building C object CMakeFiles/cmTryCompileExec777414047.dir/CMakeCCompilerABI.c.o
/usr/bin/cc    -o CMakeFiles/cmTryCompileExec777414047.dir/CMakeCCompilerABI.c.o   -c /usr/share/cmake-2.8/Modules/CMakeCCompilerABI.c
Linking C executable cmTryCompileExec777414047
/usr/bin/cmake -E cmake_link_script CMakeFiles/cmTryCompileExec777414047.dir/link.txt --verbose=1
/usr/bin/cc     -v CMakeFiles/cmTryCompileExec777414047.dir/CMakeCCompilerABI.c.o  -o cmTryCompileExec777414047 -rdynamic  
Using built-in specs.
COLLECT_GCC=/usr/bin/cc
COLLECT_LTO_WRAPPER=/usr/lib/gcc/x86_64-linux-gnu/4.8/lto-wrapper
Target: x86_64-linux-gnu
Configured with: ../src/configure -v --with-pkgversion='Ubuntu 4.8.4-2ubuntu1~14.04.3' --with-bugurl=file:///usr/share/doc/gcc-4.8/README.Bugs --enable-languages=c,c++,java,go,d,fortran,objc,obj-c++ --prefix=/usr --program-suffix=-4.8 --enable-shared --enable-linker-build-id --libexecdir=/usr/lib --without-included-gettext --enable-threads=posix --with-gxx-include-dir=/usr/include/c++/4.8 --libdir=/usr/lib --enable-nls --with-sysroot=/ --enable-clocale=gnu --enable-libstdcxx-debug --enable-libstdcxx-time=yes --enable-gnu-unique-object --disable-libmudflap --enable-plugin --with-system-zlib --disable-browser-plugin --enable-java-awt=gtk --enable-gtk-cairo --with-java-home=/usr/lib/jvm/java-1.5.0-gcj-4.8-amd64/jre --enable-java-home --with-jvm-root-dir=/usr/lib/jvm/java-1.5.0-gcj-4.8-amd64 --with-jvm-jar-dir=/usr/lib/jvm-exports/java-1.5.0-gcj-4.8-amd64 --with-arch-directory=amd64 --with-ecj-jar=/usr/share/java/eclipse-ecj.jar --enable-objc-gc --enable-multiarch --disable-werror --with-arch-32=i686 --with-abi=m64 --with-multilib-list=m32,m64,mx32 --with-tune=generic --enable-checking=release --build=x86_64-linux-gnu --host=x86_64-linux-gnu --target=x86_64-linux-gnu
Thread model: posix
gcc version 4.8.4 (Ubuntu 4.8.4-2ubuntu1~14.04.3) 
COMPILER_PATH=/usr/lib/gcc/x86_64-linux-gnu/4.8/:/usr/lib/gcc/x86_64-linux-gnu/4.8/:/usr/lib/gcc/x86_64-linux-gnu/:/usr/lib/gcc/x86_64-linux-gnu/4.8/:/usr/lib/gcc/x86_64-linux-gnu/
LIBRARY_PATH=/usr/lib/gcc/x86_64-linux-gnu/4.8/:/usr/lib/gcc/x86_64-linux-gnu/4.8/../../../x86_64-linux-gnu/:/usr/lib/gcc/x86_64-linux-gnu/4.8/../../../../lib/:/lib/x86_64-linux-gnu/:/lib/../lib/:/usr/lib/x86_64-linux-gnu/:/usr/lib/../lib/:/usr/lib/gcc/x86_64-linux-gnu/4.8/../../../:/lib/:/usr/lib/
COLLECT_GCC_OPTIONS='-v' '-o' 'cmTryCompileExec777414047' '-rdynamic' '-mtune=generic' '-march=x86-64'
 /usr/lib/gcc/x86_64-linux-gnu/4.8/collect2 --sysroot=/ --build-id --eh-frame-hdr -m elf_x86_64 --hash-style=gnu --as-needed -export-dynamic -dynamic-linker /lib64/ld-linux-x86-64.so.2 -z relro -o cmTryCompileExec777414047 /usr/lib/gcc/x86_64-linux-gnu/4.8/../../../x86_64-linux-gnu/crt1.o /usr/lib/gcc/x86_64-linux-gnu/4.8/../../../x86_64-linux-gnu/crti.o /usr/lib/gcc/x86_64-linux-gnu/4.8/crtbegin.o -L/usr/lib/gcc/x86_64-linux-gnu/4.8 -L/usr/lib/gcc/x86_64-linux-gnu/4.8/../../../x86_64-linux-gnu -L/usr/lib/gcc/x86_64-linux-gnu/4.8/../../../../lib -L/lib/x86_64-linux-gnu -L/lib/../lib -L/usr/lib/x86_64-linux-gnu -L/usr/lib/../lib -L/usr/lib/gcc/x86_64-linux-gnu/4.8/../../.. CMakeFiles/cmTryCompileExec777414047.dir/CMakeCCompilerABI.c.o -lgcc --as-needed -lgcc_s --no-as-needed -lc -lgcc --as-needed -lgcc_s --no-as-needed /usr/lib/gcc/x86_64-linux-gnu/4.8/crtend.o /usr/lib/gcc/x86_64-linux-gnu/4.8/../../../x86_64-linux-gnu/crtn.o
make[1]: Saindo do diretório `/home/aluno/Downloads/example_code_02/CMakeFiles/CMakeTmp'


Parsed C implicit link information from above output:
  link line regex: [^( *|.*[/\])(ld|([^/\]+-)?ld|collect2)[^/\]*( |$)]
  ignore line: [Change Dir: /home/aluno/Downloads/example_code_02/CMakeFiles/CMakeTmp]
  ignore line: []
  ignore line: [Run Build Command:/usr/bin/make "cmTryCompileExec777414047/fast"]
  ignore line: [/usr/bin/make -f CMakeFiles/cmTryCompileExec777414047.dir/build.make CMakeFiles/cmTryCompileExec777414047.dir/build]
  ignore line: [make[1]: Entrando no diretório `/home/aluno/Downloads/example_code_02/CMakeFiles/CMakeTmp']
  ignore line: [/usr/bin/cmake -E cmake_progress_report /home/aluno/Downloads/example_code_02/CMakeFiles/CMakeTmp/CMakeFiles 1]
  ignore line: [Building C object CMakeFiles/cmTryCompileExec777414047.dir/CMakeCCompilerABI.c.o]
  ignore line: [/usr/bin/cc    -o CMakeFiles/cmTryCompileExec777414047.dir/CMakeCCompilerABI.c.o   -c /usr/share/cmake-2.8/Modules/CMakeCCompilerABI.c]
  ignore line: [Linking C executable cmTryCompileExec777414047]
  ignore line: [/usr/bin/cmake -E cmake_link_script CMakeFiles/cmTryCompileExec777414047.dir/link.txt --verbose=1]
  ignore line: [/usr/bin/cc     -v CMakeFiles/cmTryCompileExec777414047.dir/CMakeCCompilerABI.c.o  -o cmTryCompileExec777414047 -rdynamic  ]
  ignore line: [Using built-in specs.]
  ignore line: [COLLECT_GCC=/usr/bin/cc]
  ignore line: [COLLECT_LTO_WRAPPER=/usr/lib/gcc/x86_64-linux-gnu/4.8/lto-wrapper]
  ignore line: [Target: x86_64-linux-gnu]
  ignore line: [Configured with: ../src/configure -v --with-pkgversion='Ubuntu 4.8.4-2ubuntu1~14.04.3' --with-bugurl=file:///usr/share/doc/gcc-4.8/README.Bugs --enable-languages=c,c++,java,go,d,fortran,objc,obj-c++ --prefix=/usr --program-suffix=-4.8 --enable-shared --enable-linker-build-id --libexecdir=/usr/lib --without-included-gettext --enable-threads=posix --with-gxx-include-dir=/usr/include/c++/4.8 --libdir=/usr/lib --enable-nls --with-sysroot=/ --enable-clocale=gnu --enable-libstdcxx-debug --enable-libstdcxx-time=yes --enable-gnu-unique-object --disable-libmudflap --enable-plugin --with-system-zlib --disable-browser-plugin --enable-java-awt=gtk --enable-gtk-cairo --with-java-home=/usr/lib/jvm/java-1.5.0-gcj-4.8-amd64/jre --enable-java-home --with-jvm-root-dir=/usr/lib/jvm/java-1.5.0-gcj-4.8-amd64 --with-jvm-jar-dir=/usr/lib/jvm-exports/java-1.5.0-gcj-4.8-amd64 --with-arch-directory=amd64 --with-ecj-jar=/usr/share/java/eclipse-ecj.jar --enable-objc-gc --enable-multiarch --disable-werror --with-arch-32=i686 --with-abi=m64 --with-multilib-list=m32,m64,mx32 --with-tune=generic --enable-checking=release --build=x86_64-linux-gnu --host=x86_64-linux-gnu --target=x86_64-linux-gnu]
  ignore line: [Thread model: posix]
  ignore line: [gcc version 4.8.4 (Ubuntu 4.8.4-2ubuntu1~14.04.3) ]
  ignore line: [COMPILER_PATH=/usr/lib/gcc/x86_64-linux-gnu/4.8/:/usr/lib/gcc/x86_64-linux-gnu/4.8/:/usr/lib/gcc/x86_64-linux-gnu/:/usr/lib/gcc/x86_64-linux-gnu/4.8/:/usr/lib/gcc/x86_64-linux-gnu/]
  ignore line: [LIBRARY_PATH=/usr/lib/gcc/x86_64-linux-gnu/4.8/:/usr/lib/gcc/x86_64-linux-gnu/4.8/../../../x86_64-linux-gnu/:/usr/lib/gcc/x86_64-linux-gnu/4.8/../../../../lib/:/lib/x86_64-linux-gnu/:/lib/../lib/:/usr/lib/x86_64-linux-gnu/:/usr/lib/../lib/:/usr/lib/gcc/x86_64-linux-gnu/4.8/../../../:/lib/:/usr/lib/]
  ignore line: [COLLECT_GCC_OPTIONS='-v' '-o' 'cmTryCompileExec777414047' '-rdynamic' '-mtune=generic' '-march=x86-64']
  link line: [ /usr/lib/gcc/x86_64-linux-gnu/4.8/collect2 --sysroot=/ --build-id --eh-frame-hdr -m elf_x86_64 --hash-style=gnu --as-needed -export-dynamic -dynamic-linker /lib64/ld-linux-x86-64.so.2 -z relro -o cmTryCompileExec777414047 /usr/lib/gcc/x86_64-linux-gnu/4.8/../../../x86_64-linux-gnu/crt1.o /usr/lib/gcc/x86_64-linux-gnu/4.8/../../../x86_64-linux-gnu/crti.o /usr/lib/gcc/x86_64-linux-gnu/4.8/crtbegin.o -L/usr/lib/gcc/x86_64-linux-gnu/4.8 -L/usr/lib/gcc/x86_64-linux-gnu/4.8/../../../x86_64-linux-gnu -L/usr/lib/gcc/x86_64-linux-gnu/4.8/../../../../lib -L/lib/x86_64-linux-gnu -L/lib/../lib -L/usr/lib/x86_64-linux-gnu -L/usr/lib/../lib -L/usr/lib/gcc/x86_64-linux-gnu/4.8/../../.. CMakeFiles/cmTryCompileExec777414047.dir/CMakeCCompilerABI.c.o -lgcc --as-needed -lgcc_s --no-as-needed -lc -lgcc --as-needed -lgcc_s --no-as-needed /usr/lib/gcc/x86_64-linux-gnu/4.8/crtend.o /usr/lib/gcc/x86_64-linux-gnu/4.8/../../../x86_64-linux-gnu/crtn.o]
    arg [/usr/lib/gcc/x86_64-linux-gnu/4.8/collect2] ==> ignore
    arg [--sysroot=/] ==> ignore
    arg [--build-id] ==> ignore
    arg [--eh-frame-hdr] ==> ignore
    arg [-m] ==> ignore
    arg [elf_x86_64] ==> ignore
    arg [--hash-style=gnu] ==> ignore
    arg [--as-needed] ==> ignore
    arg [-export-dynamic] ==> ignore
    arg [-dynamic-linker] ==> ignore
    arg [/lib64/ld-linux-x86-64.so.2] ==> ignore
    arg [-zrelro] ==> ignore
    arg [-o] ==> ignore
    arg [cmTryCompileExec777414047] ==> ignore
    arg [/usr/lib/gcc/x86_64-linux-gnu/4.8/../../../x86_64-linux-gnu/crt1.o] ==> ignore
    arg [/usr/lib/gcc/x86_64-linux-gnu/4.8/../../../x86_64-linux-gnu/crti.o] ==> ignore
    arg [/usr/lib/gcc/x86_64-linux-gnu/4.8/crtbegin.o] ==> ignore
    arg [-L/usr/lib/gcc/x86_64-linux-gnu/4.8] ==> dir [/usr/lib/gcc/x86_64-linux-gnu/4.8]
    arg [-L/usr/lib/gcc/x86_64-linux-gnu/4.8/../../../x86_64-linux-gnu] ==> dir [/usr/lib/gcc/x86_64-linux-gnu/4.8/../../../x86_64-linux-gnu]
    arg [-L/usr/lib/gcc/x86_64-linux-gnu/4.8/../../../../lib] ==> dir [/usr/lib/gcc/x86_64-linux-gnu/4.8/../../../../lib]
    arg [-L/lib/x86_64-linux-gnu] ==> dir [/lib/x86_64-linux-gnu]
    arg [-L/lib/../lib] ==> dir [/lib/../lib]
    arg [-L/usr/lib/x86_64-linux-gnu] ==> dir [/usr/lib/x86_64-linux-gnu]
    arg [-L/usr/lib/../lib] ==> dir [/usr/lib/../lib]
    arg [-L/usr/lib/gcc/x86_64-linux-gnu/4.8/../../..] ==> dir [/usr/lib/gcc/x86_64-linux-gnu/4.8/../../..]
    arg [CMakeFiles/cmTryCompileExec777414047.dir/CMakeCCompilerABI.c.o] ==> ignore
    arg [-lgcc] ==> lib [gcc]
    arg [--as-needed] ==> ignore
    arg [-lgcc_s] ==> lib [gcc_s]
    arg [--no-as-needed] ==> ignore
    arg [-lc] ==> lib [c]
    arg [-lgcc] ==> lib [gcc]
    arg [--as-needed] ==> ignore
    arg [-lgcc_s] ==> lib [gcc_s]
    arg [--no-as-needed] ==> ignore
    arg [/usr/lib/gcc/x86_64-linux-gnu/4.8/crtend.o] ==> ignore
    arg [/usr/lib/gcc/x86_64-linux-gnu/4.8/../../../x86_64-linux-gnu/crtn.o] ==> ignore
  remove lib [gcc]
  remove lib [gcc_s]
  remove lib [gcc]
  remove lib [gcc_s]
  collapse library dir [/usr/lib/gcc/x86_64-linux-gnu/4.8] ==> [/usr/lib/gcc/x86_64-linux-gnu/4.8]
  collapse library dir [/usr/lib/gcc/x86_64-linux-gnu/4.8/../../../x86_64-linux-gnu] ==> [/usr/lib/x86_64-linux-gnu]
  collapse library dir [/usr/lib/gcc/x86_64-linux-gnu/4.8/../../../../lib] ==> [/usr/lib]
  collapse library dir [/lib/x86_64-linux-gnu] ==> [/lib/x86_64-linux-gnu]
  collapse library dir [/lib/../lib] ==> [/lib]
  collapse library dir [/usr/lib/x86_64-linux-gnu] ==> [/usr/lib/x86_64-linux-gnu]
  collapse library dir [/usr/lib/../lib] ==> [/usr/lib]
  collapse library dir [/usr/lib/gcc/x86_64-linux-gnu/4.8/../../..] ==> [/usr/lib]
  implicit libs: [c]
  implicit dirs: [/usr/lib/gcc/x86_64-linux-gnu/4.8;/usr/lib/x86_64-linux-gnu;/usr/lib;/lib/x86_64-linux-gnu;/lib]
  implicit fwks: []


Determining if the CXX compiler works passed with the following output:
Change Dir: /home/aluno/Downloads/example_code_02/CMakeFiles/CMakeTmp

Run Build Command:/usr/bin/make "cmTryCompileExec3180046411/fast"
/usr/bin/make -f CMakeFiles/cmTryCompileExec3180046411.dir/build.make CMakeFiles/cmTryCompileExec3180046411.dir/build
make[1]: Entrando no diretório `/home/aluno/Downloads/example_code_02/CMakeFiles/CMakeTmp'
/usr/bin/cmake -E cmake_progress_report /home/aluno/Downloads/example_code_02/CMakeFiles/CMakeTmp/CMakeFiles 1
Building CXX object CMakeFiles/cmTryCompileExec3180046411.dir/testCXXCompiler.cxx.o
/usr/bin/c++     -o CMakeFiles/cmTryCompileExec3180046411.dir/testCXXCompiler.cxx.o -c /home/aluno/Downloads/example_code_02/CMakeFiles/CMakeTmp/testCXXCompiler.cxx
Linking CXX executable cmTryCompileExec3180046411
/usr/bin/cmake -E cmake_link_script CMakeFiles/cmTryCompileExec3180046411.dir/link.txt --verbose=1
/usr/bin/c++        CMakeFiles/cmTryCompileExec3180046411.dir/testCXXCompiler.cxx.o  -o cmTryCompileExec3180046411 -rdynamic 
make[1]: Saindo do diretório `/home/aluno/Downloads/example_code_02/CMakeFiles/CMakeTmp'


Detecting CXX compiler ABI info compiled with the following output:
Change Dir: /home/aluno/Downloads/example_code_02/CMakeFiles/CMakeTmp

Run Build Command:/usr/bin/make "cmTryCompileExec514152416/fast"
/usr/bin/make -f CMakeFiles/cmTryCompileExec514152416.dir/build.make CMakeFiles/cmTryCompileExec514152416.dir/build
make[1]: Entrando no diretório `/home/aluno/Downloads/example_code_02/CMakeFiles/CMakeTmp'
/usr/bin/cmake -E cmake_progress_report /home/aluno/Downloads/example_code_02/CMakeFiles/CMakeTmp/CMakeFiles 1
Building CXX object CMakeFiles/cmTryCompileExec514152416.dir/CMakeCXXCompilerABI.cpp.o
/usr/bin/c++     -o CMakeFiles/cmTryCompileExec514152416.dir/CMakeCXXCompilerABI.cpp.o -c /usr/share/cmake-2.8/Modules/CMakeCXXCompilerABI.cpp
Linking CXX executable cmTryCompileExec514152416
/usr/bin/cmake -E cmake_link_script CMakeFiles/cmTryCompileExec514152416.dir/link.txt --verbose=1
/usr/bin/c++      -v CMakeFiles/cmTryCompileExec514152416.dir/CMakeCXXCompilerABI.cpp.o  -o cmTryCompileExec514152416 -rdynamic  
Using built-in specs.
COLLECT_GCC=/usr/bin/c++
COLLECT_LTO_WRAPPER=/usr/lib/gcc/x86_64-linux-gnu/4.8/lto-wrapper
Target: x86_64-linux-gnu
Configured with: ../src/configure -v --with-pkgversion='Ubuntu 4.8.4-2ubuntu1~14.04.3' --with-bugurl=file:///usr/share/doc/gcc-4.8/README.Bugs --enable-languages=c,c++,java,go,d,fortran,objc,obj-c++ --prefix=/usr --program-suffix=-4.8 --enable-shared --enable-linker-build-id --libexecdir=/usr/lib --without-included-gettext --enable-threads=posix --with-gxx-include-dir=/usr/include/c++/4.8 --libdir=/usr/lib --enable-nls --with-sysroot=/ --enable-clocale=gnu --enable-libstdcxx-debug --enable-libstdcxx-time=yes --enable-gnu-unique-object --disable-libmudflap --enable-plugin --with-system-zlib --disable-browser-plugin --enable-java-awt=gtk --enable-gtk-cairo --with-java-home=/usr/lib/jvm/java-1.5.0-gcj-4.8-amd64/jre --enable-java-home --with-jvm-root-dir=/usr/lib/jvm/java-1.5.0-gcj-4.8-amd64 --with-jvm-jar-dir=/usr/lib/jvm-exports/java-1.5.0-gcj-4.8-amd64 --with-arch-directory=amd64 --with-ecj-jar=/usr/share/java/eclipse-ecj.jar --enable-objc-gc --enable-multiarch --disable-werror --with-arch-32=i686 --with-abi=m64 --with-multilib-list=m32,m64,mx32 --with-tune=generic --enable-checking=release --build=x86_64-linux-gnu --host=x86_64-linux-gnu --target=x86_64-linux-gnu
Thread model: posix
gcc version 4.8.4 (Ubuntu 4.8.4-2ubuntu1~14.04.3) 
COMPILER_PATH=/usr/lib/gcc/x86_64-linux-gnu/4.8/:/usr/lib/gcc/x86_64-linux-gnu/4.8/:/usr/lib/gcc/x86_64-linux-gnu/:/usr/lib/gcc/x86_64-linux-gnu/4.8/:/usr/lib/gcc/x86_64-linux-gnu/
LIBRARY_PATH=/usr/lib/gcc/x86_64-linux-gnu/4.8/:/usr/lib/gcc/x86_64-linux-gnu/4.8/../../../x86_64-linux-gnu/:/usr/lib/gcc/x86_64-linux-gnu/4.8/../../../../lib/:/lib/x86_64-linux-gnu/:/lib/../lib/:/usr/lib/x86_64-linux-gnu/:/usr/lib/../lib/:/usr/lib/gcc/x86_64-linux-gnu/4.8/../../../:/lib/:/usr/lib/
COLLECT_GCC_OPTIONS='-v' '-o' 'cmTryCompileExec514152416' '-rdynamic' '-shared-libgcc' '-mtune=generic' '-march=x86-64'
 /usr/lib/gcc/x86_64-linux-gnu/4.8/collect2 --sysroot=/ --build-id --eh-frame-hdr -m elf_x86_64 --hash-style=gnu --as-needed -export-dynamic -dynamic-linker /lib64/ld-linux-x86-64.so.2 -z relro -o cmTryCompileExec514152416 /usr/lib/gcc/x86_64-linux-gnu/4.8/../../../x86_64-linux-gnu/crt1.o /usr/lib/gcc/x86_64-linux-gnu/4.8/../../../x86_64-linux-gnu/crti.o /usr/lib/gcc/x86_64-linux-gnu/4.8/crtbegin.o -L/usr/lib/gcc/x86_64-linux-gnu/4.8 -L/usr/lib/gcc/x86_64-linux-gnu/4.8/../../../x86_64-linux-gnu -L/usr/lib/gcc/x86_64-linux-gnu/4.8/../../../../lib -L/lib/x86_64-linux-gnu -L/lib/../lib -L/usr/lib/x86_64-linux-gnu -L/usr/lib/../lib -L/usr/lib/gcc/x86_64-linux-gnu/4.8/../../.. CMakeFiles/cmTryCompileExec514152416.dir/CMakeCXXCompilerABI.cpp.o -lstdc++ -lm -lgcc_s -lgcc -lc -lgcc_s -lgcc /usr/lib/gcc/x86_64-linux-gnu/4.8/crtend.o /usr/lib/gcc/x86_64-linux-gnu/4.8/../../../x86_64-linux-gnu/crtn.o
make[1]: Saindo do diretório `/home/aluno/Downloads/example_code_02/CMakeFiles/CMakeTmp'


Parsed CXX implicit link information from above output:
  link line regex: [^( *|.*[/\])(ld|([^/\]+-)?ld|collect2)[^/\]*( |$)]
  ignore line: [Change Dir: /home/aluno/Downloads/example_code_02/CMakeFiles/CMakeTmp]
  ignore line: []
  ignore line: [Run Build Command:/usr/bin/make "cmTryCompileExec514152416/fast"]
  ignore line: [/usr/bin/make -f CMakeFiles/cmTryCompileExec514152416.dir/build.make CMakeFiles/cmTryCompileExec514152416.dir/build]
  ignore line: [make[1]: Entrando no diretório `/home/aluno/Downloads/example_code_02/CMakeFiles/CMakeTmp']
  ignore line: [/usr/bin/cmake -E cmake_progress_report /home/aluno/Downloads/example_code_02/CMakeFiles/CMakeTmp/CMakeFiles 1]
  ignore line: [Building CXX object CMakeFiles/cmTryCompileExec514152416.dir/CMakeCXXCompilerABI.cpp.o]
  ignore line: [/usr/bin/c++     -o CMakeFiles/cmTryCompileExec514152416.dir/CMakeCXXCompilerABI.cpp.o -c /usr/share/cmake-2.8/Modules/CMakeCXXCompilerABI.cpp]
  ignore line: [Linking CXX executable cmTryCompileExec514152416]
  ignore line: [/usr/bin/cmake -E cmake_link_script CMakeFiles/cmTryCompileExec514152416.dir/link.txt --verbose=1]
  ignore line: [/usr/bin/c++      -v CMakeFiles/cmTryCompileExec514152416.dir/CMakeCXXCompilerABI.cpp.o  -o cmTryCompileExec514152416 -rdynamic  ]
  ignore line: [Using built-in specs.]
  ignore line: [COLLECT_GCC=/usr/bin/c++]
  ignore line: [COLLECT_LTO_WRAPPER=/usr/lib/gcc/x86_64-linux-gnu/4.8/lto-wrapper]
  ignore line: [Target: x86_64-linux-gnu]
  ignore line: [Configured with: ../src/configure -v --with-pkgversion='Ubuntu 4.8.4-2ubuntu1~14.04.3' --with-bugurl=file:///usr/share/doc/gcc-4.8/README.Bugs --enable-languages=c,c++,java,go,d,fortran,objc,obj-c++ --prefix=/usr --program-suffix=-4.8 --enable-shared --enable-linker-build-id --libexecdir=/usr/lib --without-included-gettext --enable-threads=posix --with-gxx-include-dir=/usr/include/c++/4.8 --libdir=/usr/lib --enable-nls --with-sysroot=/ --enable-clocale=gnu --enable-libstdcxx-debug --enable-libstdcxx-time=yes --enable-gnu-unique-object --disable-libmudflap --enable-plugin --with-system-zlib --disable-browser-plugin --enable-java-awt=gtk --enable-gtk-cairo --with-java-home=/usr/lib/jvm/java-1.5.0-gcj-4.8-amd64/jre --enable-java-home --with-jvm-root-dir=/usr/lib/jvm/java-1.5.0-gcj-4.8-amd64 --with-jvm-jar-dir=/usr/lib/jvm-exports/java-1.5.0-gcj-4.8-amd64 --with-arch-directory=amd64 --with-ecj-jar=/usr/share/java/eclipse-ecj.jar --enable-objc-gc --enable-multiarch --disable-werror --with-arch-32=i686 --with-abi=m64 --with-multilib-list=m32,m64,mx32 --with-tune=generic --enable-checking=release --build=x86_64-linux-gnu --host=x86_64-linux-gnu --target=x86_64-linux-gnu]
  ignore line: [Thread model: posix]
  ignore line: [gcc version 4.8.4 (Ubuntu 4.8.4-2ubuntu1~14.04.3) ]
  ignore line: [COMPILER_PATH=/usr/lib/gcc/x86_64-linux-gnu/4.8/:/usr/lib/gcc/x86_64-linux-gnu/4.8/:/usr/lib/gcc/x86_64-linux-gnu/:/usr/lib/gcc/x86_64-linux-gnu/4.8/:/usr/lib/gcc/x86_64-linux-gnu/]
  ignore line: [LIBRARY_PATH=/usr/lib/gcc/x86_64-linux-gnu/4.8/:/usr/lib/gcc/x86_64-linux-gnu/4.8/../../../x86_64-linux-gnu/:/usr/lib/gcc/x86_64-linux-gnu/4.8/../../../../lib/:/lib/x86_64-linux-gnu/:/lib/../lib/:/usr/lib/x86_64-linux-gnu/:/usr/lib/../lib/:/usr/lib/gcc/x86_64-linux-gnu/4.8/../../../:/lib/:/usr/lib/]
  ignore line: [COLLECT_GCC_OPTIONS='-v' '-o' 'cmTryCompileExec514152416' '-rdynamic' '-shared-libgcc' '-mtune=generic' '-march=x86-64']
  link line: [ /usr/lib/gcc/x86_64-linux-gnu/4.8/collect2 --sysroot=/ --build-id --eh-frame-hdr -m elf_x86_64 --hash-style=gnu --as-needed -export-dynamic -dynamic-linker /lib64/ld-linux-x86-64.so.2 -z relro -o cmTryCompileExec514152416 /usr/lib/gcc/x86_64-linux-gnu/4.8/../../../x86_64-linux-gnu/crt1.o /usr/lib/gcc/x86_64-linux-gnu/4.8/../../../x86_64-linux-gnu/crti.o /usr/lib/gcc/x86_64-linux-gnu/4.8/crtbegin.o -L/usr/lib/gcc/x86_64-linux-gnu/4.8 -L/usr/lib/gcc/x86_64-linux-gnu/4.8/../../../x86_64-linux-gnu -L/usr/lib/gcc/x86_64-linux-gnu/4.8/../../../../lib -L/lib/x86_64-linux-gnu -L/lib/../lib -L/usr/lib/x86_64-linux-gnu -L/usr/lib/../lib -L/usr/lib/gcc/x86_64-linux-gnu/4.8/../../.. CMakeFiles/cmTryCompileExec514152416.dir/CMakeCXXCompilerABI.cpp.o -lstdc++ -lm -lgcc_s -lgcc -lc -lgcc_s -lgcc /usr/lib/gcc/x86_64-linux-gnu/4.8/crtend.o /usr/lib/gcc/x86_64-linux-gnu/4.8/../../../x86_64-linux-gnu/crtn.o]
    arg [/usr/lib/gcc/x86_64-linux-gnu/4.8/collect2] ==> ignore
    arg [--sysroot=/] ==> ignore
    arg [--build-id] ==> ignore
    arg [--eh-frame-hdr] ==> ignore
    arg [-m] ==> ignore
    arg [elf_x86_64] ==> ignore
    arg [--hash-style=gnu] ==> ignore
    arg [--as-needed] ==> ignore
    arg [-export-dynamic] ==> ignore
    arg [-dynamic-linker] ==> ignore
    arg [/lib64/ld-linux-x86-64.so.2] ==> ignore
    arg [-zrelro] ==> ignore
    arg [-o] ==> ignore
    arg [cmTryCompileExec514152416] ==> ignore
    arg [/usr/lib/gcc/x86_64-linux-gnu/4.8/../../../x86_64-linux-gnu/crt1.o] ==> ignore
    arg [/usr/lib/gcc/x86_64-linux-gnu/4.8/../../../x86_64-linux-gnu/crti.o] ==> ignore
    arg [/usr/lib/gcc/x86_64-linux-gnu/4.8/crtbegin.o] ==> ignore
    arg [-L/usr/lib/gcc/x86_64-linux-gnu/4.8] ==> dir [/usr/lib/gcc/x86_64-linux-gnu/4.8]
    arg [-L/usr/lib/gcc/x86_64-linux-gnu/4.8/../../../x86_64-linux-gnu] ==> dir [/usr/lib/gcc/x86_64-linux-gnu/4.8/../../../x86_64-linux-gnu]
    arg [-L/usr/lib/gcc/x86_64-linux-gnu/4.8/../../../../lib] ==> dir [/usr/lib/gcc/x86_64-linux-gnu/4.8/../../../../lib]
    arg [-L/lib/x86_64-linux-gnu] ==> dir [/lib/x86_64-linux-gnu]
    arg [-L/lib/../lib] ==> dir [/lib/../lib]
    arg [-L/usr/lib/x86_64-linux-gnu] ==> dir [/usr/lib/x86_64-linux-gnu]
    arg [-L/usr/lib/../lib] ==> dir [/usr/lib/../lib]
    arg [-L/usr/lib/gcc/x86_64-linux-gnu/4.8/../../..] ==> dir [/usr/lib/gcc/x86_64-linux-gnu/4.8/../../..]
    arg [CMakeFiles/cmTryCompileExec514152416.dir/CMakeCXXCompilerABI.cpp.o] ==> ignore
    arg [-lstdc++] ==> lib [stdc++]
    arg [-lm] ==> lib [m]
    arg [-lgcc_s] ==> lib [gcc_s]
    arg [-lgcc] ==> lib [gcc]
    arg [-lc] ==> lib [c]
    arg [-lgcc_s] ==> lib [gcc_s]
    arg [-lgcc] ==> lib [gcc]
    arg [/usr/lib/gcc/x86_64-linux-gnu/4.8/crtend.o] ==> ignore
    arg [/usr/lib/gcc/x86_64-linux-gnu/4.8/../../../x86_64-linux-gnu/crtn.o] ==> ignore
  remove lib [gcc_s]
  remove lib [gcc]
  remove lib [gcc_s]
  remove lib [gcc]
  collapse library dir [/usr/lib/gcc/x86_64-linux-gnu/4.8] ==> [/usr/lib/gcc/x86_64-linux-gnu/4.8]
  collapse library dir [/usr/lib/gcc/x86_64-linux-gnu/4.8/../../../x86_64-linux-gnu] ==> [/usr/lib/x86_64-linux-gnu]
  collapse library dir [/usr/lib/gcc/x86_64-linux-gnu/4.8/../../../../lib] ==> [/usr/lib]
  collapse library dir [/lib/x86_64-linux-gnu] ==> [/lib/x86_64-linux-gnu]
  collapse library dir [/lib/../lib] ==> [/lib]
  collapse library dir [/usr/lib/x86_64-linux-gnu] ==> [/usr/lib/x86_64-linux-gnu]
  collapse library dir [/usr/lib/../lib] ==> [/usr/lib]
  collapse library dir [/usr/lib/gcc/x86_64-linux-gnu/4.8/../../..] ==> [/usr/lib]
  implicit libs: [stdc++;m;c]
  implicit dirs: [/usr/lib/gcc/x86_64-linux-gnu/4.8;/usr/lib/x86_64-linux-gnu;/usr/lib;/lib/x86_64-linux-gnu;/lib]
  implicit fwks: []


Performing C++ SOURCE FILE Test COMPILER_SUPPORTS_CXX11 succeded with the following output:
Change Dir: /home/aluno/Downloads/example_code_02/CMakeFiles/CMakeTmp

Run Build Command:/usr/bin/make "cmTryCompileExec2792422605/fast"
/usr/bin/make -f CMakeFiles/cmTryCompileExec2792422605.dir/build.make CMakeFiles/cmTryCompileExec2792422605.dir/build
make[1]: Entering directory `/home/aluno/Downloads/example_code_02/CMakeFiles/CMakeTmp'
/usr/bin/cmake -E cmake_progress_report /home/aluno/Downloads/example_code_02/CMakeFiles/CMakeTmp/CMakeFiles 1
Building CXX object CMakeFiles/cmTryCompileExec2792422605.dir/src.cxx.o
/usr/bin/c++    -DCOMPILER_SUPPORTS_CXX11   -std=c++11 -o CMakeFiles/cmTryCompileExec2792422605.dir/src.cxx.o -c /home/aluno/Downloads/example_code_02/CMakeFiles/CMakeTmp/src.cxx
Linking CXX executable cmTryCompileExec2792422605
/usr/bin/cmake -E cmake_link_script CMakeFiles/cmTryCompileExec2792422605.dir/link.txt --verbose=1
/usr/bin/c++    -DCOMPILER_SUPPORTS_CXX11    CMakeFiles/cmTryCompileExec2792422605.dir/src.cxx.o  -o cmTryCompileExec2792422605 -rdynamic 
make[1]: Leaving directory `/home/aluno/Downloads/example_code_02/CMakeFiles/CMakeTmp'

Source file was:
int main() { return 0;}
Performing C++ SOURCE FILE Test COMPILER_SUPPORTS_CXX0X succeded with the following output:
Change Dir: /home/aluno/Downloads/example_code_02/CMakeFiles/CMakeTmp

Run Build Command:/usr/bin/make "cmTryCompileExec3397479767/fast"
/usr/bin/make -f CMakeFiles/cmTryCompileExec3397479767.dir/build.make CMakeFiles/cmTryCompileExec3397479767.dir/build
make[1]: Entering directory `/home/aluno/Downloads/example_code_02/CMakeFiles/CMakeTmp'
/usr/bin/cmake -E cmake_progress_report /home/aluno/Downloads/example_code_02/CMakeFiles/CMakeTmp/CMakeFiles 1
Building CXX object CMakeFiles/cmTryCompileExec3397479767.dir/src.cxx.o
/usr/bin/c++    -DCOMPILER_SUPPORTS_CXX0X   -std=c++0x -o CMakeFiles/cmTryCompileExec3397479767.dir/src.cxx.o -c /home/aluno/Downloads/example_code_02/CMakeFiles/CMakeTmp/src.cxx
Linking CXX executable cmTryCompileExec3397479767
/usr/bin/cmake -E cmake_link_script CMakeFiles/cmTryCompileExec3397479767.dir/link.txt --verbose=1
/usr/bin/c++    -DCOMPILER_SUPPORTS_CXX0X    CMakeFiles/cmTryCompileExec3397479767.dir/src.cxx.o  -o cmTryCompileExec3397479767 -rdynamic 
make[1]: Leaving directory `/home/aluno/Downloads/example_code_02/CMakeFiles/CMakeTmp'

Source file was:
int main() { return 0;}
Determining if the function XOpenDisplay exists in the /usr/lib/x86_64-linux-gnu/libX11.so;/usr/lib/x86_64-linux-gnu/libXext.so passed with the following output:
Change Dir: /home/aluno/Downloads/example_code_02/CMakeFiles/CMakeTmp

Run Build Command:/usr/bin/make "cmTryCompileExec662024467/fast"
/usr/bin/make -f CMakeFiles/cmTryCompileExec662024467.dir/build.make CMakeFiles/cmTryCompileExec662024467.dir/build
make[1]: Entrando no diretório `/home/aluno/Downloads/example_code_02/CMakeFiles/CMakeTmp'
/usr/bin/cmake -E cmake_progress_report /home/aluno/Downloads/example_code_02/CMakeFiles/CMakeTmp/CMakeFiles 1
Building C object CMakeFiles/cmTryCompileExec662024467.dir/CheckFunctionExists.c.o
/usr/bin/cc   -DCHECK_FUNCTION_EXISTS=XOpenDisplay   -o CMakeFiles/cmTryCompileExec662024467.dir/CheckFunctionExists.c.o   -c /usr/share/cmake-2.8/Modules/CheckFunctionExists.c
Linking C executable cmTryCompileExec662024467
/usr/bin/cmake -E cmake_link_script CMakeFiles/cmTryCompileExec662024467.dir/link.txt --verbose=1
/usr/bin/cc   -DCHECK_FUNCTION_EXISTS=XOpenDisplay    CMakeFiles/cmTryCompileExec662024467.dir/CheckFunctionExists.c.o  -o cmTryCompileExec662024467 -rdynamic -lX11 -lXext 
make[1]: Saindo do diretório `/home/aluno/Downloads/example_code_02/CMakeFiles/CMakeTmp'


Determining if the function gethostbyname exists passed with the following output:
Change Dir: /home/aluno/Downloads/example_code_02/CMakeFiles/CMakeTmp

Run Build Command:/usr/bin/make "cmTryCompileExec994539230/fast"
/usr/bin/make -f CMakeFiles/cmTryCompileExec994539230.dir/build.make CMakeFiles/cmTryCompileExec994539230.dir/build
make[1]: Entrando no diretório `/home/aluno/Downloads/example_code_02/CMakeFiles/CMakeTmp'
/usr/bin/cmake -E cmake_progress_report /home/aluno/Downloads/example_code_02/CMakeFiles/CMakeTmp/CMakeFiles 1
Building C object CMakeFiles/cmTryCompileExec994539230.dir/CheckFunctionExists.c.o
/usr/bin/cc   -DCHECK_FUNCTION_EXISTS=gethostbyname   -o CMakeFiles/cmTryCompileExec994539230.dir/CheckFunctionExists.c.o   -c /usr/share/cmake-2.8/Modules/CheckFunctionExists.c
Linking C executable cmTryCompileExec994539230
/usr/bin/cmake -E cmake_link_script CMakeFiles/cmTryCompileExec994539230.dir/link.txt --verbose=1
/usr/bin/cc   -DCHECK_FUNCTION_EXISTS=gethostbyname    CMakeFiles/cmTryCompileExec994539230.dir/CheckFunctionExists.c.o  -o cmTryCompileExec994539230 -rdynamic 
make[1]: Saindo do diretório `/home/aluno/Downloads/example_code_02/CMakeFiles/CMakeTmp'


Determining if the function connect exists passed with the following output:
Change Dir: /home/aluno/Downloads/example_code_02/CMakeFiles/CMakeTmp

Run Build Command:/usr/bin/make "cmTryCompileExec2349814420/fast"
/usr/bin/make -f CMakeFiles/cmTryCompileExec2349814420.dir/build.make CMakeFiles/cmTryCompileExec2349814420.dir/build
make[1]: Entrando no diretório `/home/aluno/Downloads/example_code_02/CMakeFiles/CMakeTmp'
/usr/bin/cmake -E cmake_progress_report /home/aluno/Downloads/example_code_02/CMakeFiles/CMakeTmp/CMakeFiles 1
Building C object CMakeFiles/cmTryCompileExec2349814420.dir/CheckFunctionExists.c.o
/usr/bin/cc   -DCHECK_FUNCTION_EXISTS=connect   -o CMakeFiles/cmTryCompileExec2349814420.dir/CheckFunctionExists.c.o   -c /usr/share/cmake-2.8/Modules/CheckFunctionExists.c
Linking C executable cmTryCompileExec2349814420
/usr/bin/cmake -E cmake_link_script CMakeFiles/cmTryCompileExec2349814420.dir/link.txt --verbose=1
/usr/bin/cc   -DCHECK_FUNCTION_EXISTS=connect    CMakeFiles/cmTryCompileExec2349814420.dir/CheckFunctionExists.c.o  -o cmTryCompileExec2349814420 -rdynamic 
make[1]: Saindo do diretório `/home/aluno/Downloads/example_code_02/CMakeFiles/CMakeTmp'


Determining if the function remove exists passed with the following output:
Change Dir: /home/aluno/Downloads/example_code_02/CMakeFiles/CMakeTmp

Run Build Command:/usr/bin/make "cmTryCompileExec4111009130/fast"
/usr/bin/make -f CMakeFiles/cmTryCompileExec4111009130.dir/build.make CMakeFiles/cmTryCompileExec4111009130.dir/build
make[1]: Entrando no diretório `/home/aluno/Downloads/example_code_02/CMakeFiles/CMakeTmp'
/usr/bin/cmake -E cmake_progress_report /home/aluno/Downloads/example_code_02/CMakeFiles/CMakeTmp/CMakeFiles 1
Building C object CMakeFiles/cmTryCompileExec4111009130.dir/CheckFunctionExists.c.o
/usr/bin/cc   -DCHECK_FUNCTION_EXISTS=remove   -o CMakeFiles/cmTryCompileExec4111009130.dir/CheckFunctionExists.c.o   -c /usr/share/cmake-2.8/Modules/CheckFunctionExists.c
Linking C executable cmTryCompileExec4111009130
/usr/bin/cmake -E cmake_link_script CMakeFiles/cmTryCompileExec4111009130.dir/link.txt --verbose=1
/usr/bin/cc   -DCHECK_FUNCTION_EXISTS=remove    CMakeFiles/cmTryCompileExec4111009130.dir/CheckFunctionExists.c.o  -o cmTryCompileExec4111009130 -rdynamic 
make[1]: Saindo do diretório `/home/aluno/Downloads/example_code_02/CMakeFiles/CMakeTmp'


Determining if the function shmat exists passed with the following output:
Change Dir: /home/aluno/Downloads/example_code_02/CMakeFiles/CMakeTmp

Run Build Command:/usr/bin/make "cmTryCompileExec1493902266/fast"
/usr/bin/make -f CMakeFiles/cmTryCompileExec1493902266.dir/build.make CMakeFiles/cmTryCompileExec1493902266.dir/build
make[1]: Entrando no diretório `/home/aluno/Downloads/example_code_02/CMakeFiles/CMakeTmp'
/usr/bin/cmake -E cmake_progress_report /home/aluno/Downloads/example_code_02/CMakeFiles/CMakeTmp/CMakeFiles 1
Building C object CMakeFiles/cmTryCompileExec1493902266.dir/CheckFunctionExists.c.o
/usr/bin/cc   -DCHECK_FUNCTION_EXISTS=shmat   -o CMakeFiles/cmTryCompileExec1493902266.dir/CheckFunctionExists.c.o   -c /usr/share/cmake-2.8/Modules/CheckFunctionExists.c
Linking C executable cmTryCompileExec1493902266
/usr/bin/cmake -E cmake_link_script CMakeFiles/cmTryCompileExec1493902266.dir/link.txt --verbose=1
/usr/bin/cc   -DCHECK_FUNCTION_EXISTS=shmat    CMakeFiles/cmTryCompileExec1493902266.dir/CheckFunctionExists.c.o  -o cmTryCompileExec1493902266 -rdynamic 
make[1]: Saindo do diretório `/home/aluno/Downloads/example_code_02/CMakeFiles/CMakeTmp'


Determining if the function IceConnectionNumber exists in the ICE passed with the following output:
Change Dir: /home/aluno/Downloads/example_code_02/CMakeFiles/CMakeTmp

Run Build Command:/usr/bin/make "cmTryCompileExec1703306109/fast"
/usr/bin/make -f CMakeFiles/cmTryCompileExec1703306109.dir/build.make CMakeFiles/cmTryCompileExec1703306109.dir/build
make[1]: Entrando no diretório `/home/aluno/Downloads/example_code_02/CMakeFiles/CMakeTmp'
/usr/bin/cmake -E cmake_progress_report /home/aluno/Downloads/example_code_02/CMakeFiles/CMakeTmp/CMakeFiles 1
Building C object CMakeFiles/cmTryCompileExec1703306109.dir/CheckFunctionExists.c.o
/usr/bin/cc   -DCHECK_FUNCTION_EXISTS=IceConnectionNumber   -o CMakeFiles/cmTryCompileExec1703306109.dir/CheckFunctionExists.c.o   -c /usr/share/cmake-2.8/Modules/CheckFunctionExists.c
Linking C executable cmTryCompileExec1703306109
/usr/bin/cmake -E cmake_link_script CMakeFiles/cmTryCompileExec1703306109.dir/link.txt --verbose=1
/usr/bin/cc   -DCHECK_FUNCTION_EXISTS=IceConnectionNumber    CMakeFiles/cmTryCompileExec1703306109.dir/CheckFunctionExists.c.o  -o cmTryCompileExec1703306109 -rdynamic -lICE 
make[1]: Saindo do diretório `/home/aluno/Downloads/example_code_02/CMakeFiles/CMakeTmp'


Performing C++ SOURCE FILE Test COMPILER_SUPPORTS_CXX11 succeded with the following output:
Change Dir: /home/joao/Downloads/ColorCloud/CMakeFiles/CMakeTmp

Run Build Command:/usr/bin/make "cmTryCompileExec584273723/fast"
/usr/bin/make -f CMakeFiles/cmTryCompileExec584273723.dir/build.make CMakeFiles/cmTryCompileExec584273723.dir/build
make[1]: Entering directory `/home/joao/Downloads/ColorCloud/CMakeFiles/CMakeTmp'
/usr/bin/cmake -E cmake_progress_report /home/joao/Downloads/ColorCloud/CMakeFiles/CMakeTmp/CMakeFiles 1
Building CXX object CMakeFiles/cmTryCompileExec584273723.dir/src.cxx.o
/usr/bin/c++    -DCOMPILER_SUPPORTS_CXX11   -std=c++11 -o CMakeFiles/cmTryCompileExec584273723.dir/src.cxx.o -c /home/joao/Downloads/ColorCloud/CMakeFiles/CMakeTmp/src.cxx
Linking CXX executable cmTryCompileExec584273723
/usr/bin/cmake -E cmake_link_script CMakeFiles/cmTryCompileExec584273723.dir/link.txt --verbose=1
/usr/bin/c++    -DCOMPILER_SUPPORTS_CXX11    CMakeFiles/cmTryCompileExec584273723.dir/src.cxx.o  -o cmTryCompileExec584273723 -rdynamic 
make[1]: Leaving directory `/home/joao/Downloads/ColorCloud/CMakeFiles/CMakeTmp'

Source file was:
int main() { return 0;}
Performing C++ SOURCE FILE Test COMPILER_SUPPORTS_CXX0X succeded with the following output:
Change Dir: /home/joao/Downloads/ColorCloud/CMakeFiles/CMakeTmp

Run Build Command:/usr/bin/make "cmTryCompileExec1575029857/fast"
/usr/bin/make -f CMakeFiles/cmTryCompileExec1575029857.dir/build.make CMakeFiles/cmTryCompileExec1575029857.dir/build
make[1]: Entering directory `/home/joao/Downloads/ColorCloud/CMakeFiles/CMakeTmp'
/usr/bin/cmake -E cmake_progress_report /home/joao/Downloads/ColorCloud/CMakeFiles/CMakeTmp/CMakeFiles 1
Building CXX object CMakeFiles/cmTryCompileExec1575029857.dir/src.cxx.o
/usr/bin/c++    -DCOMPILER_SUPPORTS_CXX0X   -std=c++0x -o CMakeFiles/cmTryCompileExec1575029857.dir/src.cxx.o -c /home/joao/Downloads/ColorCloud/CMakeFiles/CMakeTmp/src.cxx
Linking CXX executable cmTryCompileExec1575029857
/usr/bin/cmake -E cmake_link_script CMakeFiles/cmTryCompileExec1575029857.dir/link.txt --verbose=1
/usr/bin/c++    -DCOMPILER_SUPPORTS_CXX0X    CMakeFiles/cmTryCompileExec1575029857.dir/src.cxx.o  -o cmTryCompileExec1575029857 -rdynamic 
make[1]: Leaving directory `/home/joao/Downloads/ColorCloud/CMakeFiles/CMakeTmp'

Source file was:
int main() { return 0;}
Determining if the function XOpenDisplay exists in the /usr/lib/x86_64-linux-gnu/libX11.so;/usr/lib/x86_64-linux-gnu/libXext.so passed with the following output:
Change Dir: /home/joao/Downloads/ColorCloud/CMakeFiles/CMakeTmp

Run Build Command:/usr/bin/make "cmTryCompileExec1183369315/fast"
/usr/bin/make -f CMakeFiles/cmTryCompileExec1183369315.dir/build.make CMakeFiles/cmTryCompileExec1183369315.dir/build
make[1]: Entering directory `/home/joao/Downloads/ColorCloud/CMakeFiles/CMakeTmp'
/usr/bin/cmake -E cmake_progress_report /home/joao/Downloads/ColorCloud/CMakeFiles/CMakeTmp/CMakeFiles 1
Building C object CMakeFiles/cmTryCompileExec1183369315.dir/CheckFunctionExists.c.o
/usr/bin/cc   -DCHECK_FUNCTION_EXISTS=XOpenDisplay   -o CMakeFiles/cmTryCompileExec1183369315.dir/CheckFunctionExists.c.o   -c /usr/share/cmake-2.8/Modules/CheckFunctionExists.c
Linking C executable cmTryCompileExec1183369315
/usr/bin/cmake -E cmake_link_script CMakeFiles/cmTryCompileExec1183369315.dir/link.txt --verbose=1
/usr/bin/cc   -DCHECK_FUNCTION_EXISTS=XOpenDisplay    CMakeFiles/cmTryCompileExec1183369315.dir/CheckFunctionExists.c.o  -o cmTryCompileExec1183369315 -rdynamic -lX11 -lXext 
make[1]: Leaving directory `/home/joao/Downloads/ColorCloud/CMakeFiles/CMakeTmp'


Determining if the function gethostbyname exists passed with the following output:
Change Dir: /home/joao/Downloads/ColorCloud/CMakeFiles/CMakeTmp

Run Build Command:/usr/bin/make "cmTryCompileExec416569040/fast"
/usr/bin/make -f CMakeFiles/cmTryCompileExec416569040.dir/build.make CMakeFiles/cmTryCompileExec416569040.dir/build
make[1]: Entering directory `/home/joao/Downloads/ColorCloud/CMakeFiles/CMakeTmp'
/usr/bin/cmake -E cmake_progress_report /home/joao/Downloads/ColorCloud/CMakeFiles/CMakeTmp/CMakeFiles 1
Building C object CMakeFiles/cmTryCompileExec416569040.dir/CheckFunctionExists.c.o
/usr/bin/cc   -DCHECK_FUNCTION_EXISTS=gethostbyname   -o CMakeFiles/cmTryCompileExec416569040.dir/CheckFunctionExists.c.o   -c /usr/share/cmake-2.8/Modules/CheckFunctionExists.c
Linking C executable cmTryCompileExec416569040
/usr/bin/cmake -E cmake_link_script CMakeFiles/cmTryCompileExec416569040.dir/link.txt --verbose=1
/usr/bin/cc   -DCHECK_FUNCTION_EXISTS=gethostbyname    CMakeFiles/cmTryCompileExec416569040.dir/CheckFunctionExists.c.o  -o cmTryCompileExec416569040 -rdynamic 
make[1]: Leaving directory `/home/joao/Downloads/ColorCloud/CMakeFiles/CMakeTmp'


Determining if the function connect exists passed with the following output:
Change Dir: /home/joao/Downloads/ColorCloud/CMakeFiles/CMakeTmp

Run Build Command:/usr/bin/make "cmTryCompileExec462623427/fast"
/usr/bin/make -f CMakeFiles/cmTryCompileExec462623427.dir/build.make CMakeFiles/cmTryCompileExec462623427.dir/build
make[1]: Entering directory `/home/joao/Downloads/ColorCloud/CMakeFiles/CMakeTmp'
/usr/bin/cmake -E cmake_progress_report /home/joao/Downloads/ColorCloud/CMakeFiles/CMakeTmp/CMakeFiles 1
Building C object CMakeFiles/cmTryCompileExec462623427.dir/CheckFunctionExists.c.o
/usr/bin/cc   -DCHECK_FUNCTION_EXISTS=connect   -o CMakeFiles/cmTryCompileExec462623427.dir/CheckFunctionExists.c.o   -c /usr/share/cmake-2.8/Modules/CheckFunctionExists.c
Linking C executable cmTryCompileExec462623427
/usr/bin/cmake -E cmake_link_script CMakeFiles/cmTryCompileExec462623427.dir/link.txt --verbose=1
/usr/bin/cc   -DCHECK_FUNCTION_EXISTS=connect    CMakeFiles/cmTryCompileExec462623427.dir/CheckFunctionExists.c.o  -o cmTryCompileExec462623427 -rdynamic 
make[1]: Leaving directory `/home/joao/Downloads/ColorCloud/CMakeFiles/CMakeTmp'


Determining if the function remove exists passed with the following output:
Change Dir: /home/joao/Downloads/ColorCloud/CMakeFiles/CMakeTmp

Run Build Command:/usr/bin/make "cmTryCompileExec387065751/fast"
/usr/bin/make -f CMakeFiles/cmTryCompileExec387065751.dir/build.make CMakeFiles/cmTryCompileExec387065751.dir/build
make[1]: Entering directory `/home/joao/Downloads/ColorCloud/CMakeFiles/CMakeTmp'
/usr/bin/cmake -E cmake_progress_report /home/joao/Downloads/ColorCloud/CMakeFiles/CMakeTmp/CMakeFiles 1
Building C object CMakeFiles/cmTryCompileExec387065751.dir/CheckFunctionExists.c.o
/usr/bin/cc   -DCHECK_FUNCTION_EXISTS=remove   -o CMakeFiles/cmTryCompileExec387065751.dir/CheckFunctionExists.c.o   -c /usr/share/cmake-2.8/Modules/CheckFunctionExists.c
Linking C executable cmTryCompileExec387065751
/usr/bin/cmake -E cmake_link_script CMakeFiles/cmTryCompileExec387065751.dir/link.txt --verbose=1
/usr/bin/cc   -DCHECK_FUNCTION_EXISTS=remove    CMakeFiles/cmTryCompileExec387065751.dir/CheckFunctionExists.c.o  -o cmTryCompileExec387065751 -rdynamic 
make[1]: Leaving directory `/home/joao/Downloads/ColorCloud/CMakeFiles/CMakeTmp'


Determining if the function shmat exists passed with the following output:
Change Dir: /home/joao/Downloads/ColorCloud/CMakeFiles/CMakeTmp

Run Build Command:/usr/bin/make "cmTryCompileExec4054192343/fast"
/usr/bin/make -f CMakeFiles/cmTryCompileExec4054192343.dir/build.make CMakeFiles/cmTryCompileExec4054192343.dir/build
make[1]: Entering directory `/home/joao/Downloads/ColorCloud/CMakeFiles/CMakeTmp'
/usr/bin/cmake -E cmake_progress_report /home/joao/Downloads/ColorCloud/CMakeFiles/CMakeTmp/CMakeFiles 1
Building C object CMakeFiles/cmTryCompileExec4054192343.dir/CheckFunctionExists.c.o
/usr/bin/cc   -DCHECK_FUNCTION_EXISTS=shmat   -o CMakeFiles/cmTryCompileExec4054192343.dir/CheckFunctionExists.c.o   -c /usr/share/cmake-2.8/Modules/CheckFunctionExists.c
Linking C executable cmTryCompileExec4054192343
/usr/bin/cmake -E cmake_link_script CMakeFiles/cmTryCompileExec4054192343.dir/link.txt --verbose=1
/usr/bin/cc   -DCHECK_FUNCTION_EXISTS=shmat    CMakeFiles/cmTryCompileExec4054192343.dir/CheckFunctionExists.c.o  -o cmTryCompileExec4054192343 -rdynamic 
make[1]: Leaving directory `/home/joao/Downloads/ColorCloud/CMakeFiles/CMakeTmp'


Determining if the function IceConnectionNumber exists in the ICE passed with the following output:
Change Dir: /home/joao/Downloads/ColorCloud/CMakeFiles/CMakeTmp

Run Build Command:/usr/bin/make "cmTryCompileExec2775853784/fast"
/usr/bin/make -f CMakeFiles/cmTryCompileExec2775853784.dir/build.make CMakeFiles/cmTryCompileExec2775853784.dir/build
make[1]: Entering directory `/home/joao/Downloads/ColorCloud/CMakeFiles/CMakeTmp'
/usr/bin/cmake -E cmake_progress_report /home/joao/Downloads/ColorCloud/CMakeFiles/CMakeTmp/CMakeFiles 1
Building C object CMakeFiles/cmTryCompileExec2775853784.dir/CheckFunctionExists.c.o
/usr/bin/cc   -DCHECK_FUNCTION_EXISTS=IceConnectionNumber   -o CMakeFiles/cmTryCompileExec2775853784.dir/CheckFunctionExists.c.o   -c /usr/share/cmake-2.8/Modules/CheckFunctionExists.c
Linking C executable cmTryCompileExec2775853784
/usr/bin/cmake -E cmake_link_script CMakeFiles/cmTryCompileExec2775853784.dir/link.txt --verbose=1
/usr/bin/cc   -DCHECK_FUNCTION_EXISTS=IceConnectionNumber    CMakeFiles/cmTryCompileExec2775853784.dir/CheckFunctionExists.c.o  -o cmTryCompileExec2775853784 -rdynamic -lICE 
make[1]: Leaving directory `/home/joao/Downloads/ColorCloud/CMakeFiles/CMakeTmp'


Performing C++ SOURCE FILE Test COMPILER_SUPPORTS_CXX11 succeded with the following output:
Change Dir: /home/joao/Downloads/ColorCloud/CMakeFiles/CMakeTmp

Run Build Command:/usr/bin/make "cmTryCompileExec2890119212/fast"
/usr/bin/make -f CMakeFiles/cmTryCompileExec2890119212.dir/build.make CMakeFiles/cmTryCompileExec2890119212.dir/build
make[1]: Entering directory `/home/joao/Downloads/ColorCloud/CMakeFiles/CMakeTmp'
/usr/bin/cmake -E cmake_progress_report /home/joao/Downloads/ColorCloud/CMakeFiles/CMakeTmp/CMakeFiles 1
Building CXX object CMakeFiles/cmTryCompileExec2890119212.dir/src.cxx.o
/usr/bin/c++    -DCOMPILER_SUPPORTS_CXX11   -std=c++11 -o CMakeFiles/cmTryCompileExec2890119212.dir/src.cxx.o -c /home/joao/Downloads/ColorCloud/CMakeFiles/CMakeTmp/src.cxx
Linking CXX executable cmTryCompileExec2890119212
/usr/bin/cmake -E cmake_link_script CMakeFiles/cmTryCompileExec2890119212.dir/link.txt --verbose=1
/usr/bin/c++    -DCOMPILER_SUPPORTS_CXX11    CMakeFiles/cmTryCompileExec2890119212.dir/src.cxx.o  -o cmTryCompileExec2890119212 -rdynamic 
make[1]: Leaving directory `/home/joao/Downloads/ColorCloud/CMakeFiles/CMakeTmp'

Source file was:
int main() { return 0;}
Performing C++ SOURCE FILE Test COMPILER_SUPPORTS_CXX0X succeded with the following output:
Change Dir: /home/joao/Downloads/ColorCloud/CMakeFiles/CMakeTmp

Run Build Command:/usr/bin/make "cmTryCompileExec2901572651/fast"
/usr/bin/make -f CMakeFiles/cmTryCompileExec2901572651.dir/build.make CMakeFiles/cmTryCompileExec2901572651.dir/build
make[1]: Entering directory `/home/joao/Downloads/ColorCloud/CMakeFiles/CMakeTmp'
/usr/bin/cmake -E cmake_progress_report /home/joao/Downloads/ColorCloud/CMakeFiles/CMakeTmp/CMakeFiles 1
Building CXX object CMakeFiles/cmTryCompileExec2901572651.dir/src.cxx.o
/usr/bin/c++    -DCOMPILER_SUPPORTS_CXX0X   -std=c++0x -o CMakeFiles/cmTryCompileExec2901572651.dir/src.cxx.o -c /home/joao/Downloads/ColorCloud/CMakeFiles/CMakeTmp/src.cxx
Linking CXX executable cmTryCompileExec2901572651
/usr/bin/cmake -E cmake_link_script CMakeFiles/cmTryCompileExec2901572651.dir/link.txt --verbose=1
/usr/bin/c++    -DCOMPILER_SUPPORTS_CXX0X    CMakeFiles/cmTryCompileExec2901572651.dir/src.cxx.o  -o cmTryCompileExec2901572651 -rdynamic 
make[1]: Leaving directory `/home/joao/Downloads/ColorCloud/CMakeFiles/CMakeTmp'

Source file was:
int main() { return 0;}
Determining if the function XOpenDisplay exists in the /usr/lib/x86_64-linux-gnu/libX11.so;/usr/lib/x86_64-linux-gnu/libXext.so passed with the following output:
Change Dir: /home/joao/Downloads/ColorCloud/CMakeFiles/CMakeTmp

Run Build Command:/usr/bin/make "cmTryCompileExec1453828540/fast"
/usr/bin/make -f CMakeFiles/cmTryCompileExec1453828540.dir/build.make CMakeFiles/cmTryCompileExec1453828540.dir/build
make[1]: Entering directory `/home/joao/Downloads/ColorCloud/CMakeFiles/CMakeTmp'
/usr/bin/cmake -E cmake_progress_report /home/joao/Downloads/ColorCloud/CMakeFiles/CMakeTmp/CMakeFiles 1
Building C object CMakeFiles/cmTryCompileExec1453828540.dir/CheckFunctionExists.c.o
/usr/bin/cc   -DCHECK_FUNCTION_EXISTS=XOpenDisplay   -o CMakeFiles/cmTryCompileExec1453828540.dir/CheckFunctionExists.c.o   -c /usr/share/cmake-2.8/Modules/CheckFunctionExists.c
Linking C executable cmTryCompileExec1453828540
/usr/bin/cmake -E cmake_link_script CMakeFiles/cmTryCompileExec1453828540.dir/link.txt --verbose=1
/usr/bin/cc   -DCHECK_FUNCTION_EXISTS=XOpenDisplay    CMakeFiles/cmTryCompileExec1453828540.dir/CheckFunctionExists.c.o  -o cmTryCompileExec1453828540 -rdynamic -lX11 -lXext 
make[1]: Leaving directory `/home/joao/Downloads/ColorCloud/CMakeFiles/CMakeTmp'


Determining if the function gethostbyname exists passed with the following output:
Change Dir: /home/joao/Downloads/ColorCloud/CMakeFiles/CMakeTmp

Run Build Command:/usr/bin/make "cmTryCompileExec3498033124/fast"
/usr/bin/make -f CMakeFiles/cmTryCompileExec3498033124.dir/build.make CMakeFiles/cmTryCompileExec3498033124.dir/build
make[1]: Entering directory `/home/joao/Downloads/ColorCloud/CMakeFiles/CMakeTmp'
/usr/bin/cmake -E cmake_progress_report /home/joao/Downloads/ColorCloud/CMakeFiles/CMakeTmp/CMakeFiles 1
Building C object CMakeFiles/cmTryCompileExec3498033124.dir/CheckFunctionExists.c.o
/usr/bin/cc   -DCHECK_FUNCTION_EXISTS=gethostbyname   -o CMakeFiles/cmTryCompileExec3498033124.dir/CheckFunctionExists.c.o   -c /usr/share/cmake-2.8/Modules/CheckFunctionExists.c
Linking C executable cmTryCompileExec3498033124
/usr/bin/cmake -E cmake_link_script CMakeFiles/cmTryCompileExec3498033124.dir/link.txt --verbose=1
/usr/bin/cc   -DCHECK_FUNCTION_EXISTS=gethostbyname    CMakeFiles/cmTryCompileExec3498033124.dir/CheckFunctionExists.c.o  -o cmTryCompileExec3498033124 -rdynamic 
make[1]: Leaving directory `/home/joao/Downloads/ColorCloud/CMakeFiles/CMakeTmp'


Determining if the function connect exists passed with the following output:
Change Dir: /home/joao/Downloads/ColorCloud/CMakeFiles/CMakeTmp

Run Build Command:/usr/bin/make "cmTryCompileExec1026228962/fast"
/usr/bin/make -f CMakeFiles/cmTryCompileExec1026228962.dir/build.make CMakeFiles/cmTryCompileExec1026228962.dir/build
make[1]: Entering directory `/home/joao/Downloads/ColorCloud/CMakeFiles/CMakeTmp'
/usr/bin/cmake -E cmake_progress_report /home/joao/Downloads/ColorCloud/CMakeFiles/CMakeTmp/CMakeFiles 1
Building C object CMakeFiles/cmTryCompileExec1026228962.dir/CheckFunctionExists.c.o
/usr/bin/cc   -DCHECK_FUNCTION_EXISTS=connect   -o CMakeFiles/cmTryCompileExec1026228962.dir/CheckFunctionExists.c.o   -c /usr/share/cmake-2.8/Modules/CheckFunctionExists.c
Linking C executable cmTryCompileExec1026228962
/usr/bin/cmake -E cmake_link_script CMakeFiles/cmTryCompileExec1026228962.dir/link.txt --verbose=1
/usr/bin/cc   -DCHECK_FUNCTION_EXISTS=connect    CMakeFiles/cmTryCompileExec1026228962.dir/CheckFunctionExists.c.o  -o cmTryCompileExec1026228962 -rdynamic 
make[1]: Leaving directory `/home/joao/Downloads/ColorCloud/CMakeFiles/CMakeTmp'


Determining if the function remove exists passed with the following output:
Change Dir: /home/joao/Downloads/ColorCloud/CMakeFiles/CMakeTmp

Run Build Command:/usr/bin/make "cmTryCompileExec477256558/fast"
/usr/bin/make -f CMakeFiles/cmTryCompileExec477256558.dir/build.make CMakeFiles/cmTryCompileExec477256558.dir/build
make[1]: Entering directory `/home/joao/Downloads/ColorCloud/CMakeFiles/CMakeTmp'
/usr/bin/cmake -E cmake_progress_report /home/joao/Downloads/ColorCloud/CMakeFiles/CMakeTmp/CMakeFiles 1
Building C object CMakeFiles/cmTryCompileExec477256558.dir/CheckFunctionExists.c.o
/usr/bin/cc   -DCHECK_FUNCTION_EXISTS=remove   -o CMakeFiles/cmTryCompileExec477256558.dir/CheckFunctionExists.c.o   -c /usr/share/cmake-2.8/Modules/CheckFunctionExists.c
Linking C executable cmTryCompileExec477256558
/usr/bin/cmake -E cmake_link_script CMakeFiles/cmTryCompileExec477256558.dir/link.txt --verbose=1
/usr/bin/cc   -DCHECK_FUNCTION_EXISTS=remove    CMakeFiles/cmTryCompileExec477256558.dir/CheckFunctionExists.c.o  -o cmTryCompileExec477256558 -rdynamic 
make[1]: Leaving directory `/home/joao/Downloads/ColorCloud/CMakeFiles/CMakeTmp'


Determining if the function shmat exists passed with the following output:
Change Dir: /home/joao/Downloads/ColorCloud/CMakeFiles/CMakeTmp

Run Build Command:/usr/bin/make "cmTryCompileExec912094882/fast"
/usr/bin/make -f CMakeFiles/cmTryCompileExec912094882.dir/build.make CMakeFiles/cmTryCompileExec912094882.dir/build
make[1]: Entering directory `/home/joao/Downloads/ColorCloud/CMakeFiles/CMakeTmp'
/usr/bin/cmake -E cmake_progress_report /home/joao/Downloads/ColorCloud/CMakeFiles/CMakeTmp/CMakeFiles 1
Building C object CMakeFiles/cmTryCompileExec912094882.dir/CheckFunctionExists.c.o
/usr/bin/cc   -DCHECK_FUNCTION_EXISTS=shmat   -o CMakeFiles/cmTryCompileExec912094882.dir/CheckFunctionExists.c.o   -c /usr/share/cmake-2.8/Modules/CheckFunctionExists.c
Linking C executable cmTryCompileExec912094882
/usr/bin/cmake -E cmake_link_script CMakeFiles/cmTryCompileExec912094882.dir/link.txt --verbose=1
/usr/bin/cc   -DCHECK_FUNCTION_EXISTS=shmat    CMakeFiles/cmTryCompileExec912094882.dir/CheckFunctionExists.c.o  -o cmTryCompileExec912094882 -rdynamic 
make[1]: Leaving directory `/home/joao/Downloads/ColorCloud/CMakeFiles/CMakeTmp'


Determining if the function IceConnectionNumber exists in the ICE passed with the following output:
Change Dir: /home/joao/Downloads/ColorCloud/CMakeFiles/CMakeTmp

Run Build Command:/usr/bin/make "cmTryCompileExec4016302420/fast"
/usr/bin/make -f CMakeFiles/cmTryCompileExec4016302420.dir/build.make CMakeFiles/cmTryCompileExec4016302420.dir/build
make[1]: Entering directory `/home/joao/Downloads/ColorCloud/CMakeFiles/CMakeTmp'
/usr/bin/cmake -E cmake_progress_report /home/joao/Downloads/ColorCloud/CMakeFiles/CMakeTmp/CMakeFiles 1
Building C object CMakeFiles/cmTryCompileExec4016302420.dir/CheckFunctionExists.c.o
/usr/bin/cc   -DCHECK_FUNCTION_EXISTS=IceConnectionNumber   -o CMakeFiles/cmTryCompileExec4016302420.dir/CheckFunctionExists.c.o   -c /usr/share/cmake-2.8/Modules/CheckFunctionExists.c
Linking C executable cmTryCompileExec4016302420
/usr/bin/cmake -E cmake_link_script CMakeFiles/cmTryCompileExec4016302420.dir/link.txt --verbose=1
/usr/bin/cc   -DCHECK_FUNCTION_EXISTS=IceConnectionNumber    CMakeFiles/cmTryCompileExec4016302420.dir/CheckFunctionExists.c.o  -o cmTryCompileExec4016302420 -rdynamic -lICE 
make[1]: Leaving directory `/home/joao/Downloads/ColorCloud/CMakeFiles/CMakeTmp'


Performing C++ SOURCE FILE Test COMPILER_SUPPORTS_CXX11 succeded with the following output:
Change Dir: /home/joao/Downloads/CloudAnalysis/CMakeFiles/CMakeTmp

Run Build Command:/usr/bin/make "cmTryCompileExec3233584028/fast"
/usr/bin/make -f CMakeFiles/cmTryCompileExec3233584028.dir/build.make CMakeFiles/cmTryCompileExec3233584028.dir/build
make[1]: Entering directory `/home/joao/Downloads/CloudAnalysis/CMakeFiles/CMakeTmp'
/usr/bin/cmake -E cmake_progress_report /home/joao/Downloads/CloudAnalysis/CMakeFiles/CMakeTmp/CMakeFiles 1
Building CXX object CMakeFiles/cmTryCompileExec3233584028.dir/src.cxx.o
/usr/bin/c++    -DCOMPILER_SUPPORTS_CXX11   -std=c++11 -o CMakeFiles/cmTryCompileExec3233584028.dir/src.cxx.o -c /home/joao/Downloads/CloudAnalysis/CMakeFiles/CMakeTmp/src.cxx
Linking CXX executable cmTryCompileExec3233584028
/usr/bin/cmake -E cmake_link_script CMakeFiles/cmTryCompileExec3233584028.dir/link.txt --verbose=1
/usr/bin/c++    -DCOMPILER_SUPPORTS_CXX11    CMakeFiles/cmTryCompileExec3233584028.dir/src.cxx.o  -o cmTryCompileExec3233584028 -rdynamic 
make[1]: Leaving directory `/home/joao/Downloads/CloudAnalysis/CMakeFiles/CMakeTmp'

Source file was:
int main() { return 0;}
Performing C++ SOURCE FILE Test COMPILER_SUPPORTS_CXX0X succeded with the following output:
Change Dir: /home/joao/Downloads/CloudAnalysis/CMakeFiles/CMakeTmp

Run Build Command:/usr/bin/make "cmTryCompileExec3777305528/fast"
/usr/bin/make -f CMakeFiles/cmTryCompileExec3777305528.dir/build.make CMakeFiles/cmTryCompileExec3777305528.dir/build
make[1]: Entering directory `/home/joao/Downloads/CloudAnalysis/CMakeFiles/CMakeTmp'
/usr/bin/cmake -E cmake_progress_report /home/joao/Downloads/CloudAnalysis/CMakeFiles/CMakeTmp/CMakeFiles 1
Building CXX object CMakeFiles/cmTryCompileExec3777305528.dir/src.cxx.o
/usr/bin/c++    -DCOMPILER_SUPPORTS_CXX0X   -std=c++0x -o CMakeFiles/cmTryCompileExec3777305528.dir/src.cxx.o -c /home/joao/Downloads/CloudAnalysis/CMakeFiles/CMakeTmp/src.cxx
Linking CXX executable cmTryCompileExec3777305528
/usr/bin/cmake -E cmake_link_script CMakeFiles/cmTryCompileExec3777305528.dir/link.txt --verbose=1
/usr/bin/c++    -DCOMPILER_SUPPORTS_CXX0X    CMakeFiles/cmTryCompileExec3777305528.dir/src.cxx.o  -o cmTryCompileExec3777305528 -rdynamic 
make[1]: Leaving directory `/home/joao/Downloads/CloudAnalysis/CMakeFiles/CMakeTmp'

Source file was:
int main() { return 0;}
Determining if the function XOpenDisplay exists in the /usr/lib/x86_64-linux-gnu/libX11.so;/usr/lib/x86_64-linux-gnu/libXext.so passed with the following output:
Change Dir: /home/joao/Downloads/CloudAnalysis/CMakeFiles/CMakeTmp

Run Build Command:/usr/bin/make "cmTryCompileExec117383078/fast"
/usr/bin/make -f CMakeFiles/cmTryCompileExec117383078.dir/build.make CMakeFiles/cmTryCompileExec117383078.dir/build
make[1]: Entering directory `/home/joao/Downloads/CloudAnalysis/CMakeFiles/CMakeTmp'
/usr/bin/cmake -E cmake_progress_report /home/joao/Downloads/CloudAnalysis/CMakeFiles/CMakeTmp/CMakeFiles 1
Building C object CMakeFiles/cmTryCompileExec117383078.dir/CheckFunctionExists.c.o
/usr/bin/cc   -DCHECK_FUNCTION_EXISTS=XOpenDisplay   -o CMakeFiles/cmTryCompileExec117383078.dir/CheckFunctionExists.c.o   -c /usr/share/cmake-2.8/Modules/CheckFunctionExists.c
Linking C executable cmTryCompileExec117383078
/usr/bin/cmake -E cmake_link_script CMakeFiles/cmTryCompileExec117383078.dir/link.txt --verbose=1
/usr/bin/cc   -DCHECK_FUNCTION_EXISTS=XOpenDisplay    CMakeFiles/cmTryCompileExec117383078.dir/CheckFunctionExists.c.o  -o cmTryCompileExec117383078 -rdynamic -lX11 -lXext 
make[1]: Leaving directory `/home/joao/Downloads/CloudAnalysis/CMakeFiles/CMakeTmp'


Determining if the function gethostbyname exists passed with the following output:
Change Dir: /home/joao/Downloads/CloudAnalysis/CMakeFiles/CMakeTmp

Run Build Command:/usr/bin/make "cmTryCompileExec3780593623/fast"
/usr/bin/make -f CMakeFiles/cmTryCompileExec3780593623.dir/build.make CMakeFiles/cmTryCompileExec3780593623.dir/build
make[1]: Entering directory `/home/joao/Downloads/CloudAnalysis/CMakeFiles/CMakeTmp'
/usr/bin/cmake -E cmake_progress_report /home/joao/Downloads/CloudAnalysis/CMakeFiles/CMakeTmp/CMakeFiles 1
Building C object CMakeFiles/cmTryCompileExec3780593623.dir/CheckFunctionExists.c.o
/usr/bin/cc   -DCHECK_FUNCTION_EXISTS=gethostbyname   -o CMakeFiles/cmTryCompileExec3780593623.dir/CheckFunctionExists.c.o   -c /usr/share/cmake-2.8/Modules/CheckFunctionExists.c
Linking C executable cmTryCompileExec3780593623
/usr/bin/cmake -E cmake_link_script CMakeFiles/cmTryCompileExec3780593623.dir/link.txt --verbose=1
/usr/bin/cc   -DCHECK_FUNCTION_EXISTS=gethostbyname    CMakeFiles/cmTryCompileExec3780593623.dir/CheckFunctionExists.c.o  -o cmTryCompileExec3780593623 -rdynamic 
make[1]: Leaving directory `/home/joao/Downloads/CloudAnalysis/CMakeFiles/CMakeTmp'


Determining if the function connect exists passed with the following output:
Change Dir: /home/joao/Downloads/CloudAnalysis/CMakeFiles/CMakeTmp

Run Build Command:/usr/bin/make "cmTryCompileExec1503711791/fast"
/usr/bin/make -f CMakeFiles/cmTryCompileExec1503711791.dir/build.make CMakeFiles/cmTryCompileExec1503711791.dir/build
make[1]: Entering directory `/home/joao/Downloads/CloudAnalysis/CMakeFiles/CMakeTmp'
/usr/bin/cmake -E cmake_progress_report /home/joao/Downloads/CloudAnalysis/CMakeFiles/CMakeTmp/CMakeFiles 1
Building C object CMakeFiles/cmTryCompileExec1503711791.dir/CheckFunctionExists.c.o
/usr/bin/cc   -DCHECK_FUNCTION_EXISTS=connect   -o CMakeFiles/cmTryCompileExec1503711791.dir/CheckFunctionExists.c.o   -c /usr/share/cmake-2.8/Modules/CheckFunctionExists.c
Linking C executable cmTryCompileExec1503711791
/usr/bin/cmake -E cmake_link_script CMakeFiles/cmTryCompileExec1503711791.dir/link.txt --verbose=1
/usr/bin/cc   -DCHECK_FUNCTION_EXISTS=connect    CMakeFiles/cmTryCompileExec1503711791.dir/CheckFunctionExists.c.o  -o cmTryCompileExec1503711791 -rdynamic 
make[1]: Leaving directory `/home/joao/Downloads/CloudAnalysis/CMakeFiles/CMakeTmp'


Determining if the function remove exists passed with the following output:
Change Dir: /home/joao/Downloads/CloudAnalysis/CMakeFiles/CMakeTmp

Run Build Command:/usr/bin/make "cmTryCompileExec480450448/fast"
/usr/bin/make -f CMakeFiles/cmTryCompileExec480450448.dir/build.make CMakeFiles/cmTryCompileExec480450448.dir/build
make[1]: Entering directory `/home/joao/Downloads/CloudAnalysis/CMakeFiles/CMakeTmp'
/usr/bin/cmake -E cmake_progress_report /home/joao/Downloads/CloudAnalysis/CMakeFiles/CMakeTmp/CMakeFiles 1
Building C object CMakeFiles/cmTryCompileExec480450448.dir/CheckFunctionExists.c.o
/usr/bin/cc   -DCHECK_FUNCTION_EXISTS=remove   -o CMakeFiles/cmTryCompileExec480450448.dir/CheckFunctionExists.c.o   -c /usr/share/cmake-2.8/Modules/CheckFunctionExists.c
Linking C executable cmTryCompileExec480450448
/usr/bin/cmake -E cmake_link_script CMakeFiles/cmTryCompileExec480450448.dir/link.txt --verbose=1
/usr/bin/cc   -DCHECK_FUNCTION_EXISTS=remove    CMakeFiles/cmTryCompileExec480450448.dir/CheckFunctionExists.c.o  -o cmTryCompileExec480450448 -rdynamic 
make[1]: Leaving directory `/home/joao/Downloads/CloudAnalysis/CMakeFiles/CMakeTmp'


Determining if the function shmat exists passed with the following output:
Change Dir: /home/joao/Downloads/CloudAnalysis/CMakeFiles/CMakeTmp

Run Build Command:/usr/bin/make "cmTryCompileExec600187073/fast"
/usr/bin/make -f CMakeFiles/cmTryCompileExec600187073.dir/build.make CMakeFiles/cmTryCompileExec600187073.dir/build
make[1]: Entering directory `/home/joao/Downloads/CloudAnalysis/CMakeFiles/CMakeTmp'
/usr/bin/cmake -E cmake_progress_report /home/joao/Downloads/CloudAnalysis/CMakeFiles/CMakeTmp/CMakeFiles 1
Building C object CMakeFiles/cmTryCompileExec600187073.dir/CheckFunctionExists.c.o
/usr/bin/cc   -DCHECK_FUNCTION_EXISTS=shmat   -o CMakeFiles/cmTryCompileExec600187073.dir/CheckFunctionExists.c.o   -c /usr/share/cmake-2.8/Modules/CheckFunctionExists.c
Linking C executable cmTryCompileExec600187073
/usr/bin/cmake -E cmake_link_script CMakeFiles/cmTryCompileExec600187073.dir/link.txt --verbose=1
/usr/bin/cc   -DCHECK_FUNCTION_EXISTS=shmat    CMakeFiles/cmTryCompileExec600187073.dir/CheckFunctionExists.c.o  -o cmTryCompileExec600187073 -rdynamic 
make[1]: Leaving directory `/home/joao/Downloads/CloudAnalysis/CMakeFiles/CMakeTmp'


Determining if the function IceConnectionNumber exists in the ICE passed with the following output:
Change Dir: /home/joao/Downloads/CloudAnalysis/CMakeFiles/CMakeTmp

Run Build Command:/usr/bin/make "cmTryCompileExec955046412/fast"
/usr/bin/make -f CMakeFiles/cmTryCompileExec955046412.dir/build.make CMakeFiles/cmTryCompileExec955046412.dir/build
make[1]: Entering directory `/home/joao/Downloads/CloudAnalysis/CMakeFiles/CMakeTmp'
/usr/bin/cmake -E cmake_progress_report /home/joao/Downloads/CloudAnalysis/CMakeFiles/CMakeTmp/CMakeFiles 1
Building C object CMakeFiles/cmTryCompileExec955046412.dir/CheckFunctionExists.c.o
/usr/bin/cc   -DCHECK_FUNCTION_EXISTS=IceConnectionNumber   -o CMakeFiles/cmTryCompileExec955046412.dir/CheckFunctionExists.c.o   -c /usr/share/cmake-2.8/Modules/CheckFunctionExists.c
Linking C executable cmTryCompileExec955046412
/usr/bin/cmake -E cmake_link_script CMakeFiles/cmTryCompileExec955046412.dir/link.txt --verbose=1
/usr/bin/cc   -DCHECK_FUNCTION_EXISTS=IceConnectionNumber    CMakeFiles/cmTryCompileExec955046412.dir/CheckFunctionExists.c.o  -o cmTryCompileExec955046412 -rdynamic -lICE 
make[1]: Leaving directory `/home/joao/Downloads/CloudAnalysis/CMakeFiles/CMakeTmp'


